[debug] [2023-05-27T20:17:01.152Z] ----------------------------------------------------------------------
[debug] [2023-05-27T20:17:01.155Z] Command:       C:\Program Files\nodejs\node.exe C:\Users\vaibh\AppData\Roaming\npm\node_modules\firebase-tools\lib\bin\firebase.js emulators:start
[debug] [2023-05-27T20:17:01.155Z] CLI Version:   12.2.1
[debug] [2023-05-27T20:17:01.156Z] Platform:      win32
[debug] [2023-05-27T20:17:01.156Z] Node Version:  v16.17.1
[debug] [2023-05-27T20:17:01.157Z] Time:          Sun May 28 2023 01:47:01 GMT+0530 (India Standard Time)
[debug] [2023-05-27T20:17:01.157Z] ----------------------------------------------------------------------
[debug] 
[debug] [2023-05-27T20:17:01.251Z] > command requires scopes: ["email","openid","https://www.googleapis.com/auth/cloudplatformprojects.readonly","https://www.googleapis.com/auth/firebase","https://www.googleapis.com/auth/cloud-platform"]
[debug] [2023-05-27T20:17:01.252Z] > authorizing via signed-in user (techwesoft@gmail.com)
[info] i  emulators: Starting emulators: functions, hosting {"metadata":{"emulator":{"name":"hub"},"message":"Starting emulators: functions, hosting"}}
[debug] [2023-05-27T20:17:01.269Z] [logging] Logging Emulator only supports listening on one address (127.0.0.1). Not listening on ::1
[debug] [2023-05-27T20:17:01.269Z] [hosting] Hosting Emulator only supports listening on one address (127.0.0.1). Not listening on ::1
[debug] [2023-05-27T20:17:01.270Z] assigned listening specs for emulators {"user":{"hub":[{"address":"127.0.0.1","family":"IPv4","port":4400},{"address":"::1","family":"IPv6","port":4400}],"ui":[{"address":"127.0.0.1","family":"IPv4","port":4000},{"address":"::1","family":"IPv6","port":4000}],"logging":[{"address":"127.0.0.1","family":"IPv4","port":4500}],"hosting":[{"address":"127.0.0.1","family":"IPv4","port":5000}]},"metadata":{"message":"assigned listening specs for emulators"}}
[debug] [2023-05-27T20:17:01.287Z] [hub] writing locator at C:\Users\vaibh\AppData\Local\Temp\hub-venture-matrimony-3c397.json
[debug] [2023-05-27T20:17:01.323Z] [functions] Functions Emulator only supports listening on one address (127.0.0.1). Not listening on ::1
[debug] [2023-05-27T20:17:01.324Z] [eventarc] Eventarc Emulator only supports listening on one address (127.0.0.1). Not listening on ::1
[debug] [2023-05-27T20:17:01.324Z] late-assigned ports for functions and eventarc emulators {"user":{"hub":[{"address":"127.0.0.1","family":"IPv4","port":4400},{"address":"::1","family":"IPv6","port":4400}],"ui":[{"address":"127.0.0.1","family":"IPv4","port":4000},{"address":"::1","family":"IPv6","port":4000}],"logging":[{"address":"127.0.0.1","family":"IPv4","port":4500}],"hosting":[{"address":"127.0.0.1","family":"IPv4","port":5000}],"functions":[{"address":"127.0.0.1","family":"IPv4","port":5001}],"eventarc":[{"address":"127.0.0.1","family":"IPv4","port":9299}]},"metadata":{"message":"late-assigned ports for functions and eventarc emulators"}}
[warn] !  functions: The following emulators are not running, calls to these services from the Functions emulator will affect production: auth, firestore, database, pubsub, storage {"metadata":{"emulator":{"name":"functions"},"message":"The following emulators are not running, calls to these services from the Functions emulator will affect production: \u001b[1mauth, firestore, database, pubsub, storage\u001b[22m"}}
[debug] [2023-05-27T20:17:01.333Z] defaultcredentials: writing to file C:\Users\vaibh\AppData\Roaming\firebase\techwesoft_gmail_com_application_default_credentials.json
[debug] [2023-05-27T20:17:01.341Z] Setting GAC to C:\Users\vaibh\AppData\Roaming\firebase\techwesoft_gmail_com_application_default_credentials.json {"metadata":{"emulator":{"name":"functions"},"message":"Setting GAC to C:\\Users\\vaibh\\AppData\\Roaming\\firebase\\techwesoft_gmail_com_application_default_credentials.json"}}
[debug] [2023-05-27T20:17:01.345Z] >>> [apiv2][query] GET https://firebase.googleapis.com/v1beta1/projects/venture-matrimony-3c397/adminSdkConfig [none]
[debug] [2023-05-27T20:17:02.016Z] <<< [apiv2][status] GET https://firebase.googleapis.com/v1beta1/projects/venture-matrimony-3c397/adminSdkConfig 200
[debug] [2023-05-27T20:17:02.016Z] <<< [apiv2][body] GET https://firebase.googleapis.com/v1beta1/projects/venture-matrimony-3c397/adminSdkConfig {"projectId":"venture-matrimony-3c397","storageBucket":"venture-matrimony-3c397.appspot.com"}
[debug] [2023-05-27T20:17:02.067Z] >>> [apiv2][query] GET https://firebasehosting.googleapis.com/v1beta1/projects/venture-matrimony-3c397/sites 
[debug] [2023-05-27T20:17:03.247Z] <<< [apiv2][status] GET https://firebasehosting.googleapis.com/v1beta1/projects/venture-matrimony-3c397/sites 200
[debug] [2023-05-27T20:17:03.247Z] <<< [apiv2][body] GET https://firebasehosting.googleapis.com/v1beta1/projects/venture-matrimony-3c397/sites {"sites":[{"name":"projects/venture-matrimony-3c397/sites/venture-matrimony-3c397","defaultUrl":"https://venture-matrimony-3c397.web.app","type":"DEFAULT_SITE"}]}
[debug] [2023-05-27T20:17:03.248Z] >>> [apiv2][query] GET https://firebase.googleapis.com/v1beta1/projects/venture-matrimony-3c397/webApps/-/config [none]
[debug] [2023-05-27T20:17:04.504Z] <<< [apiv2][status] GET https://firebase.googleapis.com/v1beta1/projects/venture-matrimony-3c397/webApps/-/config 200
[debug] [2023-05-27T20:17:04.505Z] <<< [apiv2][body] GET https://firebase.googleapis.com/v1beta1/projects/venture-matrimony-3c397/webApps/-/config {"projectId":"venture-matrimony-3c397","storageBucket":"venture-matrimony-3c397.appspot.com","apiKey":"AIzaSyBcxP7nKfqszR5-OntWc2T32bEwsh6V1no","authDomain":"venture-matrimony-3c397.firebaseapp.com","messagingSenderId":"1046434114408"}
[debug] [2023-05-27T20:17:04.512Z] >>> [apiv2][query] GET https://firebase.googleapis.com/v1beta1/projects/venture-matrimony-3c397 [none]
[debug] [2023-05-27T20:17:05.388Z] <<< [apiv2][status] GET https://firebase.googleapis.com/v1beta1/projects/venture-matrimony-3c397 200
[debug] [2023-05-27T20:17:05.388Z] <<< [apiv2][body] GET https://firebase.googleapis.com/v1beta1/projects/venture-matrimony-3c397 {"projectId":"venture-matrimony-3c397","projectNumber":"1046434114408","displayName":"venture-matrimony","name":"projects/venture-matrimony-3c397","resources":{"hostingSite":"venture-matrimony-3c397"},"state":"ACTIVE","etag":"1_85e0cfd7-868f-48f3-a189-07683b5abafd"}
[info] i  hosting[venture-matrimony-3c397]: Serving hosting files from: public {"metadata":{"emulator":{"name":"hosting"},"message":"Serving hosting files from: \u001b[1mpublic\u001b[22m"}}
[info] +  hosting[venture-matrimony-3c397]: Local server: http://127.0.0.1:5000 {"metadata":{"emulator":{"name":"hosting"},"message":"Local server: \u001b[4m\u001b[1mhttp://127.0.0.1:5000\u001b[22m\u001b[24m"}}
[debug] [2023-05-27T20:17:05.410Z] Ignoring unsupported arg: auto_download {"metadata":{"emulator":{"name":"ui"},"message":"Ignoring unsupported arg: auto_download"}}
[debug] [2023-05-27T20:17:05.410Z] Ignoring unsupported arg: port {"metadata":{"emulator":{"name":"ui"},"message":"Ignoring unsupported arg: port"}}
[debug] [2023-05-27T20:17:05.410Z] Starting Emulator UI with command {"binary":"node","args":["C:\\Users\\vaibh\\.cache\\firebase\\emulators\\ui-v1.11.6\\server\\server.js"],"optionalArgs":[],"joinArgs":false} {"metadata":{"emulator":{"name":"ui"},"message":"Starting Emulator UI with command {\"binary\":\"node\",\"args\":[\"C:\\\\Users\\\\vaibh\\\\.cache\\\\firebase\\\\emulators\\\\ui-v1.11.6\\\\server\\\\server.js\"],\"optionalArgs\":[],\"joinArgs\":false}"}}
[info] i  ui: Emulator UI logging to ui-debug.log {"metadata":{"emulator":{"name":"ui"},"message":"Emulator UI logging to \u001b[1mui-debug.log\u001b[22m"}}
[debug] [2023-05-27T20:17:05.548Z] Web / API server started at 127.0.0.1:4000
 {"metadata":{"emulator":{"name":"ui"},"message":"Web / API server started at 127.0.0.1:4000\n"}}
[debug] [2023-05-27T20:17:05.548Z] Web / API server started at ::1:4000
 {"metadata":{"emulator":{"name":"ui"},"message":"Web / API server started at ::1:4000\n"}}
[info] i  functions: Watching "D:\Venture Systems\Projects\Matrimony\functions" for Cloud Functions... {"metadata":{"emulator":{"name":"functions"},"message":"Watching \"D:\\Venture Systems\\Projects\\Matrimony\\functions\" for Cloud Functions..."}}
[debug] [2023-05-27T20:17:05.696Z] Validating nodejs source
[debug] [2023-05-27T20:17:07.029Z] > [functions] package.json contents: {
  "name": "functions",
  "description": "Cloud Functions for Firebase",
  "scripts": {
    "serve": "firebase emulators:start --only functions",
    "shell": "firebase functions:shell",
    "start": "npm run shell",
    "deploy": "firebase deploy --only functions",
    "logs": "firebase functions:log"
  },
  "engines": {
    "node": "18"
  },
  "main": "index.js",
  "dependencies": {
    "cors": "^2.8.5",
    "express": "^4.18.2",
    "firebase-admin": "^11.8.0",
    "firebase-functions": "^4.3.1"
  },
  "devDependencies": {
    "firebase-functions-test": "^3.1.0"
  },
  "private": true
}
[debug] [2023-05-27T20:17:07.030Z] Building nodejs source
[debug] [2023-05-27T20:17:07.030Z] Failed to find version of module node: reached end of search path D:\Venture Systems\Projects\Matrimony\functions\node_modules
[warn] !  functions: Your requested "node" version "18" doesn't match your global version "16". Using node@16 from host. 
[debug] [2023-05-27T20:17:07.032Z] Could not find functions.yaml. Must use http discovery
[debug] [2023-05-27T20:17:07.039Z] Found firebase-functions binary at 'D:\Venture Systems\Projects\Matrimony\functions\node_modules\.bin\firebase-functions'
[debug] [2023-05-27T20:17:07.289Z] Serving at port 8970

[debug] [2023-05-27T20:17:07.548Z] Got response from /__/functions.yaml Failed to generate manifest from function source: TypeError: app.use is not a function
[debug] [2023-05-27T20:17:07.552Z] Failed to parse functions.yaml incomplete explicit mapping pair; a key node is missed; or followed by a non-tabulated empty line at line 1, column 60:
     ...  from function source: TypeError: app.use is not a function
                                         ^ {"name":"YAMLException","reason":"incomplete explicit mapping pair; a key node is missed; or followed by a non-tabulated empty line","mark":{"name":null,"buffer":"Failed to generate manifest from function source: TypeError: app.use is not a function\n\u0000","position":59,"line":0,"column":59},"message":"incomplete explicit mapping pair; a key node is missed; or followed by a non-tabulated empty line at line 1, column 60:\n     ...  from function source: TypeError: app.use is not a function\n                                         ^"}
[debug] [2023-05-27T20:17:07.557Z] shutdown requested via /__/quitquitquit

[error] !!  functions: Failed to load function definition from source: FirebaseError: Failed to load function definition from source: Failed to generate manifest from function source: TypeError: app.use is not a function {"metadata":{"emulator":{"name":"functions"},"message":"Failed to load function definition from source: FirebaseError: Failed to load function definition from source: Failed to generate manifest from function source: TypeError: app.use is not a function"}}
[info] 
┌─────────────────────────────────────────────────────────────┐
│ ✔  All emulators ready! It is now safe to connect your app. │
│ i  View Emulator UI at http://127.0.0.1:4000/               │
└─────────────────────────────────────────────────────────────┘

┌───────────┬────────────────┬─────────────────────────────────┐
│ Emulator  │ Host:Port      │ View in Emulator UI             │
├───────────┼────────────────┼─────────────────────────────────┤
│ Functions │ 127.0.0.1:5001 │ http://127.0.0.1:4000/functions │
├───────────┼────────────────┼─────────────────────────────────┤
│ Hosting   │ 127.0.0.1:5000 │ n/a                             │
└───────────┴────────────────┴─────────────────────────────────┘
  Emulator Hub running at 127.0.0.1:4400
  Other reserved ports: 4500

Issues? Report them at https://github.com/firebase/firebase-tools/issues and attach the *-debug.log files.
 
[debug] [2023-05-27T20:17:18.467Z] [work-queue] {"queuedWork":["/venture-matrimony-3c397/us-central1/app/users/delete-2023-05-27T20:17:18.467Z"],"queueLength":1,"runningWork":[],"workRunningCount":0}
[debug] [2023-05-27T20:17:18.468Z] [work-queue] {"queuedWork":[],"queueLength":0,"runningWork":["/venture-matrimony-3c397/us-central1/app/users/delete-2023-05-27T20:17:18.467Z"],"workRunningCount":1}
[debug] [2023-05-27T20:17:18.470Z] [work-queue] {"queuedWork":[],"queueLength":0,"runningWork":[],"workRunningCount":0}
[debug] [2023-05-27T20:17:22.068Z] [work-queue] {"queuedWork":["/venture-matrimony-3c397/us-central1/app/users/delete-2023-05-27T20:17:22.068Z"],"queueLength":1,"runningWork":[],"workRunningCount":0}
[debug] [2023-05-27T20:17:22.069Z] [work-queue] {"queuedWork":[],"queueLength":0,"runningWork":["/venture-matrimony-3c397/us-central1/app/users/delete-2023-05-27T20:17:22.068Z"],"workRunningCount":1}
[debug] [2023-05-27T20:17:22.070Z] [work-queue] {"queuedWork":[],"queueLength":0,"runningWork":[],"workRunningCount":0}
[debug] [2023-05-27T20:18:19.654Z] File D:\Venture Systems\Projects\Matrimony\functions\index.js changed, reloading triggers {"metadata":{"emulator":{"name":"functions"},"message":"File D:\\Venture Systems\\Projects\\Matrimony\\functions\\index.js changed, reloading triggers"}}
[debug] [2023-05-27T20:18:20.659Z] Validating nodejs source
[debug] [2023-05-27T20:18:22.169Z] > [functions] package.json contents: {
  "name": "functions",
  "description": "Cloud Functions for Firebase",
  "scripts": {
    "serve": "firebase emulators:start --only functions",
    "shell": "firebase functions:shell",
    "start": "npm run shell",
    "deploy": "firebase deploy --only functions",
    "logs": "firebase functions:log"
  },
  "engines": {
    "node": "18"
  },
  "main": "index.js",
  "dependencies": {
    "cors": "^2.8.5",
    "express": "^4.18.2",
    "firebase-admin": "^11.8.0",
    "firebase-functions": "^4.3.1"
  },
  "devDependencies": {
    "firebase-functions-test": "^3.1.0"
  },
  "private": true
}
[debug] [2023-05-27T20:18:22.170Z] Building nodejs source
[debug] [2023-05-27T20:18:22.170Z] Failed to find version of module node: reached end of search path D:\Venture Systems\Projects\Matrimony\functions\node_modules
[warn] !  functions: Your requested "node" version "18" doesn't match your global version "16". Using node@16 from host. 
[debug] [2023-05-27T20:18:22.172Z] Could not find functions.yaml. Must use http discovery
[debug] [2023-05-27T20:18:22.184Z] Found firebase-functions binary at 'D:\Venture Systems\Projects\Matrimony\functions\node_modules\.bin\firebase-functions'
[debug] [2023-05-27T20:18:22.444Z] Serving at port 8782

[debug] [2023-05-27T20:18:22.715Z] Got response from /__/functions.yaml Failed to generate manifest from function source: ReferenceError: app is not defined
[debug] [2023-05-27T20:18:22.715Z] Failed to parse functions.yaml incomplete explicit mapping pair; a key node is missed; or followed by a non-tabulated empty line at line 1, column 65:
     ...  function source: ReferenceError: app is not defined
                                         ^ {"name":"YAMLException","reason":"incomplete explicit mapping pair; a key node is missed; or followed by a non-tabulated empty line","mark":{"name":null,"buffer":"Failed to generate manifest from function source: ReferenceError: app is not defined\n\u0000","position":64,"line":0,"column":64},"message":"incomplete explicit mapping pair; a key node is missed; or followed by a non-tabulated empty line at line 1, column 65:\n     ...  function source: ReferenceError: app is not defined\n                                         ^"}
[debug] [2023-05-27T20:18:22.720Z] shutdown requested via /__/quitquitquit

[error] !!  functions: Failed to load function definition from source: FirebaseError: Failed to load function definition from source: Failed to generate manifest from function source: ReferenceError: app is not defined {"metadata":{"emulator":{"name":"functions"},"message":"Failed to load function definition from source: FirebaseError: Failed to load function definition from source: Failed to generate manifest from function source: ReferenceError: app is not defined"}}
[debug] [2023-05-27T20:18:35.431Z] File D:\Venture Systems\Projects\Matrimony\functions\index.js changed, reloading triggers {"metadata":{"emulator":{"name":"functions"},"message":"File D:\\Venture Systems\\Projects\\Matrimony\\functions\\index.js changed, reloading triggers"}}
[debug] [2023-05-27T20:18:36.443Z] Validating nodejs source
[debug] [2023-05-27T20:18:37.930Z] > [functions] package.json contents: {
  "name": "functions",
  "description": "Cloud Functions for Firebase",
  "scripts": {
    "serve": "firebase emulators:start --only functions",
    "shell": "firebase functions:shell",
    "start": "npm run shell",
    "deploy": "firebase deploy --only functions",
    "logs": "firebase functions:log"
  },
  "engines": {
    "node": "18"
  },
  "main": "index.js",
  "dependencies": {
    "cors": "^2.8.5",
    "express": "^4.18.2",
    "firebase-admin": "^11.8.0",
    "firebase-functions": "^4.3.1"
  },
  "devDependencies": {
    "firebase-functions-test": "^3.1.0"
  },
  "private": true
}
[debug] [2023-05-27T20:18:37.930Z] Building nodejs source
[debug] [2023-05-27T20:18:37.930Z] Failed to find version of module node: reached end of search path D:\Venture Systems\Projects\Matrimony\functions\node_modules
[warn] !  functions: Your requested "node" version "18" doesn't match your global version "16". Using node@16 from host. 
[debug] [2023-05-27T20:18:37.931Z] Could not find functions.yaml. Must use http discovery
[debug] [2023-05-27T20:18:37.935Z] Found firebase-functions binary at 'D:\Venture Systems\Projects\Matrimony\functions\node_modules\.bin\firebase-functions'
[debug] [2023-05-27T20:18:37.942Z] File D:\Venture Systems\Projects\Matrimony\functions\index.js changed, reloading triggers {"metadata":{"emulator":{"name":"functions"},"message":"File D:\\Venture Systems\\Projects\\Matrimony\\functions\\index.js changed, reloading triggers"}}
[debug] [2023-05-27T20:18:38.187Z] Serving at port 8362

[debug] [2023-05-27T20:18:38.255Z] File D:\Venture Systems\Projects\Matrimony\functions\index.js changed, reloading triggers {"metadata":{"emulator":{"name":"functions"},"message":"File D:\\Venture Systems\\Projects\\Matrimony\\functions\\index.js changed, reloading triggers"}}
[debug] [2023-05-27T20:18:38.535Z] Got response from /__/functions.yaml Failed to generate manifest from function source: ReferenceError: expresS is not defined
[debug] [2023-05-27T20:18:38.535Z] Failed to parse functions.yaml incomplete explicit mapping pair; a key node is missed; or followed by a non-tabulated empty line at line 1, column 65:
     ...  function source: ReferenceError: expresS is not defined
                                         ^ {"name":"YAMLException","reason":"incomplete explicit mapping pair; a key node is missed; or followed by a non-tabulated empty line","mark":{"name":null,"buffer":"Failed to generate manifest from function source: ReferenceError: expresS is not defined\n\u0000","position":64,"line":0,"column":64},"message":"incomplete explicit mapping pair; a key node is missed; or followed by a non-tabulated empty line at line 1, column 65:\n     ...  function source: ReferenceError: expresS is not defined\n                                         ^"}
[debug] [2023-05-27T20:18:38.540Z] shutdown requested via /__/quitquitquit

[error] !!  functions: Failed to load function definition from source: FirebaseError: Failed to load function definition from source: Failed to generate manifest from function source: ReferenceError: expresS is not defined {"metadata":{"emulator":{"name":"functions"},"message":"Failed to load function definition from source: FirebaseError: Failed to load function definition from source: Failed to generate manifest from function source: ReferenceError: expresS is not defined"}}
[debug] [2023-05-27T20:18:39.271Z] Validating nodejs source
[debug] [2023-05-27T20:18:40.827Z] > [functions] package.json contents: {
  "name": "functions",
  "description": "Cloud Functions for Firebase",
  "scripts": {
    "serve": "firebase emulators:start --only functions",
    "shell": "firebase functions:shell",
    "start": "npm run shell",
    "deploy": "firebase deploy --only functions",
    "logs": "firebase functions:log"
  },
  "engines": {
    "node": "18"
  },
  "main": "index.js",
  "dependencies": {
    "cors": "^2.8.5",
    "express": "^4.18.2",
    "firebase-admin": "^11.8.0",
    "firebase-functions": "^4.3.1"
  },
  "devDependencies": {
    "firebase-functions-test": "^3.1.0"
  },
  "private": true
}
[debug] [2023-05-27T20:18:40.827Z] Building nodejs source
[debug] [2023-05-27T20:18:40.827Z] Failed to find version of module node: reached end of search path D:\Venture Systems\Projects\Matrimony\functions\node_modules
[warn] !  functions: Your requested "node" version "18" doesn't match your global version "16". Using node@16 from host. 
[debug] [2023-05-27T20:18:40.830Z] Could not find functions.yaml. Must use http discovery
[debug] [2023-05-27T20:18:40.836Z] Found firebase-functions binary at 'D:\Venture Systems\Projects\Matrimony\functions\node_modules\.bin\firebase-functions'
[debug] [2023-05-27T20:18:41.117Z] Serving at port 8735

[debug] [2023-05-27T20:18:41.618Z] Got response from /__/functions.yaml {"endpoints":{"app":{"platform":"gcfv1","availableMemoryMb":null,"timeoutSeconds":null,"minInstances":null,"maxInstances":null,"ingressSettings":null,"serviceAccountEmail":null,"vpc":null,"httpsTrigger":{},"entryPoint":"app"}},"specVersion":"v1alpha1","requiredAPIs":[]}
[debug] [2023-05-27T20:18:41.625Z] shutdown requested via /__/quitquitquit

[debug] [2023-05-27T20:18:47.434Z] File D:\Venture Systems\Projects\Matrimony\functions\index.js changed, reloading triggers {"metadata":{"emulator":{"name":"functions"},"message":"File D:\\Venture Systems\\Projects\\Matrimony\\functions\\index.js changed, reloading triggers"}}
[debug] [2023-05-27T20:18:48.436Z] Validating nodejs source
[debug] [2023-05-27T20:18:49.836Z] > [functions] package.json contents: {
  "name": "functions",
  "description": "Cloud Functions for Firebase",
  "scripts": {
    "serve": "firebase emulators:start --only functions",
    "shell": "firebase functions:shell",
    "start": "npm run shell",
    "deploy": "firebase deploy --only functions",
    "logs": "firebase functions:log"
  },
  "engines": {
    "node": "18"
  },
  "main": "index.js",
  "dependencies": {
    "cors": "^2.8.5",
    "express": "^4.18.2",
    "firebase-admin": "^11.8.0",
    "firebase-functions": "^4.3.1"
  },
  "devDependencies": {
    "firebase-functions-test": "^3.1.0"
  },
  "private": true
}
[debug] [2023-05-27T20:18:49.836Z] Building nodejs source
[debug] [2023-05-27T20:18:49.836Z] Failed to find version of module node: reached end of search path D:\Venture Systems\Projects\Matrimony\functions\node_modules
[warn] !  functions: Your requested "node" version "18" doesn't match your global version "16". Using node@16 from host. 
[debug] [2023-05-27T20:18:49.838Z] Could not find functions.yaml. Must use http discovery
[debug] [2023-05-27T20:18:49.844Z] Found firebase-functions binary at 'D:\Venture Systems\Projects\Matrimony\functions\node_modules\.bin\firebase-functions'
[debug] [2023-05-27T20:18:50.088Z] Serving at port 8117

[debug] [2023-05-27T20:18:50.584Z] Got response from /__/functions.yaml {"endpoints":{"app":{"platform":"gcfv1","availableMemoryMb":null,"timeoutSeconds":null,"minInstances":null,"maxInstances":null,"ingressSettings":null,"serviceAccountEmail":null,"vpc":null,"httpsTrigger":{},"entryPoint":"app"}},"specVersion":"v1alpha1","requiredAPIs":[]}
[debug] [2023-05-27T20:18:50.588Z] shutdown requested via /__/quitquitquit

[info] +  functions: Loaded functions definitions from source: app. {"metadata":{"emulator":{"name":"functions"},"message":"Loaded functions definitions from source: app."}}
[info] +  functions[us-central1-app]: http function initialized (http://127.0.0.1:5001/venture-matrimony-3c397/us-central1/app). {"metadata":{"emulator":{"name":"functions"},"message":"\u001b[1mhttp\u001b[22m function initialized (http://127.0.0.1:5001/venture-matrimony-3c397/us-central1/app)."}}
[debug] [2023-05-27T20:18:58.112Z] [work-queue] {"queuedWork":["/venture-matrimony-3c397/us-central1/app/users/delete-2023-05-27T20:18:58.112Z"],"queueLength":1,"runningWork":[],"workRunningCount":0}
[debug] [2023-05-27T20:18:58.112Z] [work-queue] {"queuedWork":[],"queueLength":0,"runningWork":["/venture-matrimony-3c397/us-central1/app/users/delete-2023-05-27T20:18:58.112Z"],"workRunningCount":1}
[debug] [2023-05-27T20:18:58.112Z] Accepted request GET /venture-matrimony-3c397/us-central1/app/users/delete?id=1 --> us-central1-app
[debug] [2023-05-27T20:18:58.117Z] [functions] Runtime ready! Sending request! {"metadata":{"emulator":{"name":"functions"},"message":"[functions] Runtime ready! Sending request!"}}
[debug] [2023-05-27T20:18:58.118Z] [functions] Got req.url=/venture-matrimony-3c397/us-central1/app/users/delete?id=1, mapping to path=/users/delete?id=1 {"metadata":{"emulator":{"name":"functions"},"message":"[functions] Got req.url=/venture-matrimony-3c397/us-central1/app/users/delete?id=1, mapping to path=/users/delete?id=1"}}
[debug] [2023-05-27T20:18:58.126Z] [worker-pool] addWorker(us-central1-app) {"metadata":{"emulator":{"name":"functions"},"message":"[worker-pool] addWorker(us-central1-app)"}}
[debug] [2023-05-27T20:18:58.128Z] [worker-pool] Adding worker with key us-central1-app, total=1 {"metadata":{"emulator":{"name":"functions"},"message":"[worker-pool] Adding worker with key us-central1-app, total=1"}}
[debug] [2023-05-27T20:18:59.444Z] [runtime-status] [22928] Resolved module firebase-admin {"declared":true,"installed":true,"version":"11.8.0","resolution":"D:\\Venture Systems\\Projects\\Matrimony\\functions\\node_modules\\firebase-admin\\lib\\index.js"} {"metadata":{"emulator":{"name":"functions"},"function":{"name":"us-central1-app"},"extension":{},"message":"[runtime-status] [22928] Resolved module firebase-admin {\"declared\":true,\"installed\":true,\"version\":\"11.8.0\",\"resolution\":\"D:\\\\Venture Systems\\\\Projects\\\\Matrimony\\\\functions\\\\node_modules\\\\firebase-admin\\\\lib\\\\index.js\"}"}}
[debug] [2023-05-27T20:18:59.448Z] [runtime-status] [22928] Resolved module firebase-functions {"declared":true,"installed":true,"version":"4.4.0","resolution":"D:\\Venture Systems\\Projects\\Matrimony\\functions\\node_modules\\firebase-functions\\lib\\v1\\index.js"} {"metadata":{"emulator":{"name":"functions"},"function":{"name":"us-central1-app"},"extension":{},"message":"[runtime-status] [22928] Resolved module firebase-functions {\"declared\":true,\"installed\":true,\"version\":\"4.4.0\",\"resolution\":\"D:\\\\Venture Systems\\\\Projects\\\\Matrimony\\\\functions\\\\node_modules\\\\firebase-functions\\\\lib\\\\v1\\\\index.js\"}"}}
[debug] [2023-05-27T20:18:59.448Z] [runtime-status] [22928] Outgoing network have been stubbed. [{"name":"http","status":"mocked"},{"name":"http","status":"mocked"},{"name":"https","status":"mocked"},{"name":"https","status":"mocked"},{"name":"net","status":"mocked"}] {"metadata":{"emulator":{"name":"functions"},"function":{"name":"us-central1-app"},"extension":{},"message":"[runtime-status] [22928] Outgoing network have been stubbed. [{\"name\":\"http\",\"status\":\"mocked\"},{\"name\":\"http\",\"status\":\"mocked\"},{\"name\":\"https\",\"status\":\"mocked\"},{\"name\":\"https\",\"status\":\"mocked\"},{\"name\":\"net\",\"status\":\"mocked\"}]"}}
[debug] [2023-05-27T20:18:59.449Z] [runtime-status] [22928] Resolved module firebase-functions {"declared":true,"installed":true,"version":"4.4.0","resolution":"D:\\Venture Systems\\Projects\\Matrimony\\functions\\node_modules\\firebase-functions\\lib\\v1\\index.js"} {"metadata":{"emulator":{"name":"functions"},"function":{"name":"us-central1-app"},"extension":{},"message":"[runtime-status] [22928] Resolved module firebase-functions {\"declared\":true,\"installed\":true,\"version\":\"4.4.0\",\"resolution\":\"D:\\\\Venture Systems\\\\Projects\\\\Matrimony\\\\functions\\\\node_modules\\\\firebase-functions\\\\lib\\\\v1\\\\index.js\"}"}}
[debug] [2023-05-27T20:18:59.707Z] [runtime-status] [22928] Checked functions.config() {"config":{}} {"metadata":{"emulator":{"name":"functions"},"function":{"name":"us-central1-app"},"extension":{},"message":"[runtime-status] [22928] Checked functions.config() {\"config\":{}}"}}
[debug] [2023-05-27T20:18:59.707Z] [runtime-status] [22928] firebase-functions has been stubbed. {"functionsResolution":{"declared":true,"installed":true,"version":"4.4.0","resolution":"D:\\Venture Systems\\Projects\\Matrimony\\functions\\node_modules\\firebase-functions\\lib\\v1\\index.js"}} {"metadata":{"emulator":{"name":"functions"},"function":{"name":"us-central1-app"},"extension":{},"message":"[runtime-status] [22928] firebase-functions has been stubbed. {\"functionsResolution\":{\"declared\":true,\"installed\":true,\"version\":\"4.4.0\",\"resolution\":\"D:\\\\Venture Systems\\\\Projects\\\\Matrimony\\\\functions\\\\node_modules\\\\firebase-functions\\\\lib\\\\v1\\\\index.js\"}}"}}
[debug] [2023-05-27T20:18:59.708Z] [runtime-status] [22928] Resolved module firebase-functions {"declared":true,"installed":true,"version":"4.4.0","resolution":"D:\\Venture Systems\\Projects\\Matrimony\\functions\\node_modules\\firebase-functions\\lib\\v1\\index.js"} {"metadata":{"emulator":{"name":"functions"},"function":{"name":"us-central1-app"},"extension":{},"message":"[runtime-status] [22928] Resolved module firebase-functions {\"declared\":true,\"installed\":true,\"version\":\"4.4.0\",\"resolution\":\"D:\\\\Venture Systems\\\\Projects\\\\Matrimony\\\\functions\\\\node_modules\\\\firebase-functions\\\\lib\\\\v1\\\\index.js\"}"}}
[debug] [2023-05-27T20:18:59.709Z] [runtime-status] [22928] Resolved module firebase-admin {"declared":true,"installed":true,"version":"11.8.0","resolution":"D:\\Venture Systems\\Projects\\Matrimony\\functions\\node_modules\\firebase-admin\\lib\\index.js"} {"metadata":{"emulator":{"name":"functions"},"function":{"name":"us-central1-app"},"extension":{},"message":"[runtime-status] [22928] Resolved module firebase-admin {\"declared\":true,\"installed\":true,\"version\":\"11.8.0\",\"resolution\":\"D:\\\\Venture Systems\\\\Projects\\\\Matrimony\\\\functions\\\\node_modules\\\\firebase-admin\\\\lib\\\\index.js\"}"}}
[debug] [2023-05-27T20:18:59.712Z] [runtime-status] [22928] Resolved module firebase-functions {"declared":true,"installed":true,"version":"4.4.0","resolution":"D:\\Venture Systems\\Projects\\Matrimony\\functions\\node_modules\\firebase-functions\\lib\\v1\\index.js"} {"metadata":{"emulator":{"name":"functions"},"function":{"name":"us-central1-app"},"extension":{},"message":"[runtime-status] [22928] Resolved module firebase-functions {\"declared\":true,\"installed\":true,\"version\":\"4.4.0\",\"resolution\":\"D:\\\\Venture Systems\\\\Projects\\\\Matrimony\\\\functions\\\\node_modules\\\\firebase-functions\\\\lib\\\\v1\\\\index.js\"}"}}
[debug] [2023-05-27T20:18:59.712Z] [runtime-status] [22928] firebase-admin has been stubbed. {"adminResolution":{"declared":true,"installed":true,"version":"11.8.0","resolution":"D:\\Venture Systems\\Projects\\Matrimony\\functions\\node_modules\\firebase-admin\\lib\\index.js"}} {"metadata":{"emulator":{"name":"functions"},"function":{"name":"us-central1-app"},"extension":{},"message":"[runtime-status] [22928] firebase-admin has been stubbed. {\"adminResolution\":{\"declared\":true,\"installed\":true,\"version\":\"11.8.0\",\"resolution\":\"D:\\\\Venture Systems\\\\Projects\\\\Matrimony\\\\functions\\\\node_modules\\\\firebase-admin\\\\lib\\\\index.js\"}}"}}
[debug] [2023-05-27T20:19:00.078Z] [runtime-status] [22928] Functions runtime initialized. {"cwd":"D:\\Venture Systems\\Projects\\Matrimony\\functions","node_version":"16.17.1"} {"metadata":{"emulator":{"name":"functions"},"function":{"name":"us-central1-app"},"extension":{},"message":"[runtime-status] [22928] Functions runtime initialized. {\"cwd\":\"D:\\\\Venture Systems\\\\Projects\\\\Matrimony\\\\functions\",\"node_version\":\"16.17.1\"}"}}
[debug] [2023-05-27T20:19:00.078Z] [runtime-status] [22928] Listening to port: \\?\pipe\fire_emu_7e2bf34fc606cb52 {"metadata":{"emulator":{"name":"functions"},"function":{"name":"us-central1-app"},"extension":{},"message":"[runtime-status] [22928] Listening to port: \\\\?\\pipe\\fire_emu_7e2bf34fc606cb52"}}
[debug] [2023-05-27T20:19:00.192Z] [worker-us-central1-app-90b40fad-06ff-4d5e-a5ad-cc8797758b29]: IDLE {"metadata":{"emulator":{"name":"functions"},"function":{"name":"us-central1-app"},"extension":{},"message":"[worker-us-central1-app-90b40fad-06ff-4d5e-a5ad-cc8797758b29]: IDLE"}}
[debug] [2023-05-27T20:19:00.192Z] [worker-pool] submitRequest(triggerId=us-central1-app) {"metadata":{"emulator":{"name":"functions"},"message":"[worker-pool] submitRequest(triggerId=us-central1-app)"}}
[info] i  functions: Beginning execution of "us-central1-app" {"metadata":{"emulator":{"name":"functions"},"function":{"name":"us-central1-app"},"extension":{},"message":"Beginning execution of \"us-central1-app\""}}
[debug] [2023-05-27T20:19:00.193Z] [worker-us-central1-app-90b40fad-06ff-4d5e-a5ad-cc8797758b29]: BUSY {"metadata":{"emulator":{"name":"functions"},"function":{"name":"us-central1-app"},"extension":{},"message":"[worker-us-central1-app-90b40fad-06ff-4d5e-a5ad-cc8797758b29]: BUSY"}}
[info] +  functions: Loaded functions definitions from source: app. {"metadata":{"emulator":{"name":"functions"},"message":"Loaded functions definitions from source: app."}}
[debug] [2023-05-27T20:19:00.595Z] [worker-pool] Marking BUSY worker to finish (us-central1-app) {"metadata":{"emulator":{"name":"functions"},"message":"[worker-pool] Marking BUSY worker to finish (us-central1-app)"}}
[debug] [2023-05-27T20:19:00.595Z] [worker-us-central1-app-90b40fad-06ff-4d5e-a5ad-cc8797758b29]: FINISHING {"metadata":{"emulator":{"name":"functions"},"function":{"name":"us-central1-app"},"extension":{},"message":"[worker-us-central1-app-90b40fad-06ff-4d5e-a5ad-cc8797758b29]: FINISHING"}}
[error] i  Your function timed out after ~60s. To configure this timeout, see
      https://firebase.google.com/docs/functions/manage-functions#set_timeout_and_memory_allocation. {"metadata":{"emulator":{"name":"functions"},"function":{"name":"us-central1-app"},"extension":{},"message":"Your function timed out after ~60s. To configure this timeout, see\n      https://firebase.google.com/docs/functions/manage-functions#set_timeout_and_memory_allocation."}}
[error] i  Request to function failed: Error: socket hang up {"metadata":{"emulator":{"name":"functions"},"function":{"name":"us-central1-app"},"extension":{},"message":"Request to function failed: Error: socket hang up"}}
[debug] [2023-05-27T20:20:00.208Z] [work-queue] {"queuedWork":[],"queueLength":0,"runningWork":[],"workRunningCount":0}
[debug] [2023-05-27T20:20:00.223Z] [worker-us-central1-app-90b40fad-06ff-4d5e-a5ad-cc8797758b29]: exited {"metadata":{"emulator":{"name":"functions"},"function":{"name":"us-central1-app"},"extension":{},"message":"[worker-us-central1-app-90b40fad-06ff-4d5e-a5ad-cc8797758b29]: exited"}}
[debug] [2023-05-27T20:20:00.223Z] [worker-us-central1-app-90b40fad-06ff-4d5e-a5ad-cc8797758b29]: FINISHED {"metadata":{"emulator":{"name":"functions"},"function":{"name":"us-central1-app"},"extension":{},"message":"[worker-us-central1-app-90b40fad-06ff-4d5e-a5ad-cc8797758b29]: FINISHED"}}
[debug] [2023-05-27T20:20:00.895Z] File D:\Venture Systems\Projects\Matrimony\functions\index.js changed, reloading triggers {"metadata":{"emulator":{"name":"functions"},"message":"File D:\\Venture Systems\\Projects\\Matrimony\\functions\\index.js changed, reloading triggers"}}
[debug] [2023-05-27T20:20:01.905Z] Validating nodejs source
[debug] [2023-05-27T20:20:03.259Z] > [functions] package.json contents: {
  "name": "functions",
  "description": "Cloud Functions for Firebase",
  "scripts": {
    "serve": "firebase emulators:start --only functions",
    "shell": "firebase functions:shell",
    "start": "npm run shell",
    "deploy": "firebase deploy --only functions",
    "logs": "firebase functions:log"
  },
  "engines": {
    "node": "18"
  },
  "main": "index.js",
  "dependencies": {
    "cors": "^2.8.5",
    "express": "^4.18.2",
    "firebase-admin": "^11.8.0",
    "firebase-functions": "^4.3.1"
  },
  "devDependencies": {
    "firebase-functions-test": "^3.1.0"
  },
  "private": true
}
[debug] [2023-05-27T20:20:03.259Z] Building nodejs source
[debug] [2023-05-27T20:20:03.259Z] Failed to find version of module node: reached end of search path D:\Venture Systems\Projects\Matrimony\functions\node_modules
[warn] !  functions: Your requested "node" version "18" doesn't match your global version "16". Using node@16 from host. 
[debug] [2023-05-27T20:20:03.261Z] Could not find functions.yaml. Must use http discovery
[debug] [2023-05-27T20:20:03.267Z] Found firebase-functions binary at 'D:\Venture Systems\Projects\Matrimony\functions\node_modules\.bin\firebase-functions'
[debug] [2023-05-27T20:20:03.277Z] File D:\Venture Systems\Projects\Matrimony\functions\index.js changed, reloading triggers {"metadata":{"emulator":{"name":"functions"},"message":"File D:\\Venture Systems\\Projects\\Matrimony\\functions\\index.js changed, reloading triggers"}}
[debug] [2023-05-27T20:20:03.511Z] Serving at port 8812

[debug] [2023-05-27T20:20:03.953Z] Got response from /__/functions.yaml {"endpoints":{"app":{"platform":"gcfv1","availableMemoryMb":null,"timeoutSeconds":null,"minInstances":null,"maxInstances":null,"ingressSettings":null,"serviceAccountEmail":null,"vpc":null,"httpsTrigger":{},"entryPoint":"app"}},"specVersion":"v1alpha1","requiredAPIs":[]}
[debug] [2023-05-27T20:20:03.957Z] shutdown requested via /__/quitquitquit

[debug] [2023-05-27T20:20:04.293Z] Validating nodejs source
[debug] [2023-05-27T20:20:06.985Z] > [functions] package.json contents: {
  "name": "functions",
  "description": "Cloud Functions for Firebase",
  "scripts": {
    "serve": "firebase emulators:start --only functions",
    "shell": "firebase functions:shell",
    "start": "npm run shell",
    "deploy": "firebase deploy --only functions",
    "logs": "firebase functions:log"
  },
  "engines": {
    "node": "18"
  },
  "main": "index.js",
  "dependencies": {
    "cors": "^2.8.5",
    "express": "^4.18.2",
    "firebase-admin": "^11.8.0",
    "firebase-functions": "^4.3.1"
  },
  "devDependencies": {
    "firebase-functions-test": "^3.1.0"
  },
  "private": true
}
[debug] [2023-05-27T20:20:06.985Z] Building nodejs source
[debug] [2023-05-27T20:20:06.985Z] Failed to find version of module node: reached end of search path D:\Venture Systems\Projects\Matrimony\functions\node_modules
[warn] !  functions: Your requested "node" version "18" doesn't match your global version "16". Using node@16 from host. 
[debug] [2023-05-27T20:20:06.986Z] Could not find functions.yaml. Must use http discovery
[debug] [2023-05-27T20:20:06.995Z] Found firebase-functions binary at 'D:\Venture Systems\Projects\Matrimony\functions\node_modules\.bin\firebase-functions'
[debug] [2023-05-27T20:20:07.238Z] Serving at port 8858

[debug] [2023-05-27T20:20:07.746Z] Got response from /__/functions.yaml {"endpoints":{"app":{"platform":"gcfv1","availableMemoryMb":null,"timeoutSeconds":null,"minInstances":null,"maxInstances":null,"ingressSettings":null,"serviceAccountEmail":null,"vpc":null,"httpsTrigger":{},"entryPoint":"app"}},"specVersion":"v1alpha1","requiredAPIs":[]}
[debug] [2023-05-27T20:20:07.751Z] shutdown requested via /__/quitquitquit

[info] +  functions: Loaded functions definitions from source: app. {"metadata":{"emulator":{"name":"functions"},"message":"Loaded functions definitions from source: app."}}
[info] +  functions: Loaded functions definitions from source: app. {"metadata":{"emulator":{"name":"functions"},"message":"Loaded functions definitions from source: app."}}
[debug] [2023-05-27T20:20:35.597Z] File D:\Venture Systems\Projects\Matrimony\functions\index.js changed, reloading triggers {"metadata":{"emulator":{"name":"functions"},"message":"File D:\\Venture Systems\\Projects\\Matrimony\\functions\\index.js changed, reloading triggers"}}
[debug] [2023-05-27T20:20:36.599Z] Validating nodejs source
[debug] [2023-05-27T20:20:37.988Z] > [functions] package.json contents: {
  "name": "functions",
  "description": "Cloud Functions for Firebase",
  "scripts": {
    "serve": "firebase emulators:start --only functions",
    "shell": "firebase functions:shell",
    "start": "npm run shell",
    "deploy": "firebase deploy --only functions",
    "logs": "firebase functions:log"
  },
  "engines": {
    "node": "18"
  },
  "main": "index.js",
  "dependencies": {
    "cors": "^2.8.5",
    "express": "^4.18.2",
    "firebase-admin": "^11.8.0",
    "firebase-functions": "^4.3.1"
  },
  "devDependencies": {
    "firebase-functions-test": "^3.1.0"
  },
  "private": true
}
[debug] [2023-05-27T20:20:37.988Z] Building nodejs source
[debug] [2023-05-27T20:20:37.988Z] Failed to find version of module node: reached end of search path D:\Venture Systems\Projects\Matrimony\functions\node_modules
[warn] !  functions: Your requested "node" version "18" doesn't match your global version "16". Using node@16 from host. 
[debug] [2023-05-27T20:20:37.989Z] Could not find functions.yaml. Must use http discovery
[debug] [2023-05-27T20:20:37.999Z] Found firebase-functions binary at 'D:\Venture Systems\Projects\Matrimony\functions\node_modules\.bin\firebase-functions'
[debug] [2023-05-27T20:20:38.260Z] Serving at port 8905

[debug] [2023-05-27T20:20:38.741Z] Got response from /__/functions.yaml {"endpoints":{"app":{"platform":"gcfv1","availableMemoryMb":null,"timeoutSeconds":null,"minInstances":null,"maxInstances":null,"ingressSettings":null,"serviceAccountEmail":null,"vpc":null,"httpsTrigger":{},"entryPoint":"app"}},"specVersion":"v1alpha1","requiredAPIs":[]}
[debug] [2023-05-27T20:20:38.745Z] shutdown requested via /__/quitquitquit

[debug] [2023-05-27T20:20:45.377Z] [work-queue] {"queuedWork":["/venture-matrimony-3c397/us-central1/app/users/delete-2023-05-27T20:20:45.377Z"],"queueLength":1,"runningWork":[],"workRunningCount":0}
[debug] [2023-05-27T20:20:45.378Z] [work-queue] {"queuedWork":[],"queueLength":0,"runningWork":["/venture-matrimony-3c397/us-central1/app/users/delete-2023-05-27T20:20:45.377Z"],"workRunningCount":1}
[debug] [2023-05-27T20:20:45.378Z] Accepted request GET /venture-matrimony-3c397/us-central1/app/users/delete?id=1 --> us-central1-app
[debug] [2023-05-27T20:20:45.380Z] [functions] Runtime ready! Sending request! {"metadata":{"emulator":{"name":"functions"},"message":"[functions] Runtime ready! Sending request!"}}
[debug] [2023-05-27T20:20:45.380Z] [functions] Got req.url=/venture-matrimony-3c397/us-central1/app/users/delete?id=1, mapping to path=/users/delete?id=1 {"metadata":{"emulator":{"name":"functions"},"message":"[functions] Got req.url=/venture-matrimony-3c397/us-central1/app/users/delete?id=1, mapping to path=/users/delete?id=1"}}
[debug] [2023-05-27T20:20:45.381Z] [worker-pool] Cleaned up workers for us-central1-app: 1 --> 0 {"metadata":{"emulator":{"name":"functions"},"message":"[worker-pool] Cleaned up workers for us-central1-app: 1 --> 0"}}
[debug] [2023-05-27T20:20:45.388Z] [worker-pool] addWorker(us-central1-app) {"metadata":{"emulator":{"name":"functions"},"message":"[worker-pool] addWorker(us-central1-app)"}}
[debug] [2023-05-27T20:20:45.388Z] [worker-pool] Adding worker with key us-central1-app, total=1 {"metadata":{"emulator":{"name":"functions"},"message":"[worker-pool] Adding worker with key us-central1-app, total=1"}}
[debug] [2023-05-27T20:20:46.712Z] [runtime-status] [9384] Resolved module firebase-admin {"declared":true,"installed":true,"version":"11.8.0","resolution":"D:\\Venture Systems\\Projects\\Matrimony\\functions\\node_modules\\firebase-admin\\lib\\index.js"} {"metadata":{"emulator":{"name":"functions"},"function":{"name":"us-central1-app"},"extension":{},"message":"[runtime-status] [9384] Resolved module firebase-admin {\"declared\":true,\"installed\":true,\"version\":\"11.8.0\",\"resolution\":\"D:\\\\Venture Systems\\\\Projects\\\\Matrimony\\\\functions\\\\node_modules\\\\firebase-admin\\\\lib\\\\index.js\"}"}}
[debug] [2023-05-27T20:20:46.716Z] [runtime-status] [9384] Resolved module firebase-functions {"declared":true,"installed":true,"version":"4.4.0","resolution":"D:\\Venture Systems\\Projects\\Matrimony\\functions\\node_modules\\firebase-functions\\lib\\v1\\index.js"} {"metadata":{"emulator":{"name":"functions"},"function":{"name":"us-central1-app"},"extension":{},"message":"[runtime-status] [9384] Resolved module firebase-functions {\"declared\":true,\"installed\":true,\"version\":\"4.4.0\",\"resolution\":\"D:\\\\Venture Systems\\\\Projects\\\\Matrimony\\\\functions\\\\node_modules\\\\firebase-functions\\\\lib\\\\v1\\\\index.js\"}"}}
[debug] [2023-05-27T20:20:46.717Z] [runtime-status] [9384] Outgoing network have been stubbed. [{"name":"http","status":"mocked"},{"name":"http","status":"mocked"},{"name":"https","status":"mocked"},{"name":"https","status":"mocked"},{"name":"net","status":"mocked"}] {"metadata":{"emulator":{"name":"functions"},"function":{"name":"us-central1-app"},"extension":{},"message":"[runtime-status] [9384] Outgoing network have been stubbed. [{\"name\":\"http\",\"status\":\"mocked\"},{\"name\":\"http\",\"status\":\"mocked\"},{\"name\":\"https\",\"status\":\"mocked\"},{\"name\":\"https\",\"status\":\"mocked\"},{\"name\":\"net\",\"status\":\"mocked\"}]"}}
[debug] [2023-05-27T20:20:46.718Z] [runtime-status] [9384] Resolved module firebase-functions {"declared":true,"installed":true,"version":"4.4.0","resolution":"D:\\Venture Systems\\Projects\\Matrimony\\functions\\node_modules\\firebase-functions\\lib\\v1\\index.js"} {"metadata":{"emulator":{"name":"functions"},"function":{"name":"us-central1-app"},"extension":{},"message":"[runtime-status] [9384] Resolved module firebase-functions {\"declared\":true,\"installed\":true,\"version\":\"4.4.0\",\"resolution\":\"D:\\\\Venture Systems\\\\Projects\\\\Matrimony\\\\functions\\\\node_modules\\\\firebase-functions\\\\lib\\\\v1\\\\index.js\"}"}}
[debug] [2023-05-27T20:20:46.953Z] [runtime-status] [9384] Checked functions.config() {"config":{}} {"metadata":{"emulator":{"name":"functions"},"function":{"name":"us-central1-app"},"extension":{},"message":"[runtime-status] [9384] Checked functions.config() {\"config\":{}}"}}
[debug] [2023-05-27T20:20:46.953Z] [runtime-status] [9384] firebase-functions has been stubbed. {"functionsResolution":{"declared":true,"installed":true,"version":"4.4.0","resolution":"D:\\Venture Systems\\Projects\\Matrimony\\functions\\node_modules\\firebase-functions\\lib\\v1\\index.js"}} {"metadata":{"emulator":{"name":"functions"},"function":{"name":"us-central1-app"},"extension":{},"message":"[runtime-status] [9384] firebase-functions has been stubbed. {\"functionsResolution\":{\"declared\":true,\"installed\":true,\"version\":\"4.4.0\",\"resolution\":\"D:\\\\Venture Systems\\\\Projects\\\\Matrimony\\\\functions\\\\node_modules\\\\firebase-functions\\\\lib\\\\v1\\\\index.js\"}}"}}
[debug] [2023-05-27T20:20:46.954Z] [runtime-status] [9384] Resolved module firebase-functions {"declared":true,"installed":true,"version":"4.4.0","resolution":"D:\\Venture Systems\\Projects\\Matrimony\\functions\\node_modules\\firebase-functions\\lib\\v1\\index.js"} {"metadata":{"emulator":{"name":"functions"},"function":{"name":"us-central1-app"},"extension":{},"message":"[runtime-status] [9384] Resolved module firebase-functions {\"declared\":true,\"installed\":true,\"version\":\"4.4.0\",\"resolution\":\"D:\\\\Venture Systems\\\\Projects\\\\Matrimony\\\\functions\\\\node_modules\\\\firebase-functions\\\\lib\\\\v1\\\\index.js\"}"}}
[debug] [2023-05-27T20:20:46.955Z] [runtime-status] [9384] Resolved module firebase-admin {"declared":true,"installed":true,"version":"11.8.0","resolution":"D:\\Venture Systems\\Projects\\Matrimony\\functions\\node_modules\\firebase-admin\\lib\\index.js"} {"metadata":{"emulator":{"name":"functions"},"function":{"name":"us-central1-app"},"extension":{},"message":"[runtime-status] [9384] Resolved module firebase-admin {\"declared\":true,\"installed\":true,\"version\":\"11.8.0\",\"resolution\":\"D:\\\\Venture Systems\\\\Projects\\\\Matrimony\\\\functions\\\\node_modules\\\\firebase-admin\\\\lib\\\\index.js\"}"}}
[debug] [2023-05-27T20:20:46.958Z] [runtime-status] [9384] Resolved module firebase-functions {"declared":true,"installed":true,"version":"4.4.0","resolution":"D:\\Venture Systems\\Projects\\Matrimony\\functions\\node_modules\\firebase-functions\\lib\\v1\\index.js"} {"metadata":{"emulator":{"name":"functions"},"function":{"name":"us-central1-app"},"extension":{},"message":"[runtime-status] [9384] Resolved module firebase-functions {\"declared\":true,\"installed\":true,\"version\":\"4.4.0\",\"resolution\":\"D:\\\\Venture Systems\\\\Projects\\\\Matrimony\\\\functions\\\\node_modules\\\\firebase-functions\\\\lib\\\\v1\\\\index.js\"}"}}
[debug] [2023-05-27T20:20:46.958Z] [runtime-status] [9384] firebase-admin has been stubbed. {"adminResolution":{"declared":true,"installed":true,"version":"11.8.0","resolution":"D:\\Venture Systems\\Projects\\Matrimony\\functions\\node_modules\\firebase-admin\\lib\\index.js"}} {"metadata":{"emulator":{"name":"functions"},"function":{"name":"us-central1-app"},"extension":{},"message":"[runtime-status] [9384] firebase-admin has been stubbed. {\"adminResolution\":{\"declared\":true,\"installed\":true,\"version\":\"11.8.0\",\"resolution\":\"D:\\\\Venture Systems\\\\Projects\\\\Matrimony\\\\functions\\\\node_modules\\\\firebase-admin\\\\lib\\\\index.js\"}}"}}
[debug] [2023-05-27T20:20:47.237Z] [runtime-status] [9384] Functions runtime initialized. {"cwd":"D:\\Venture Systems\\Projects\\Matrimony\\functions","node_version":"16.17.1"} {"metadata":{"emulator":{"name":"functions"},"function":{"name":"us-central1-app"},"extension":{},"message":"[runtime-status] [9384] Functions runtime initialized. {\"cwd\":\"D:\\\\Venture Systems\\\\Projects\\\\Matrimony\\\\functions\",\"node_version\":\"16.17.1\"}"}}
[debug] [2023-05-27T20:20:47.238Z] [runtime-status] [9384] Listening to port: \\?\pipe\fire_emu_983979d2a8d82a82 {"metadata":{"emulator":{"name":"functions"},"function":{"name":"us-central1-app"},"extension":{},"message":"[runtime-status] [9384] Listening to port: \\\\?\\pipe\\fire_emu_983979d2a8d82a82"}}
[debug] [2023-05-27T20:20:47.337Z] [worker-us-central1-app-ccd0da18-c84b-415d-8c11-f30dab995493]: IDLE {"metadata":{"emulator":{"name":"functions"},"function":{"name":"us-central1-app"},"extension":{},"message":"[worker-us-central1-app-ccd0da18-c84b-415d-8c11-f30dab995493]: IDLE"}}
[debug] [2023-05-27T20:20:47.338Z] [worker-pool] submitRequest(triggerId=us-central1-app) {"metadata":{"emulator":{"name":"functions"},"message":"[worker-pool] submitRequest(triggerId=us-central1-app)"}}
[info] i  functions: Beginning execution of "us-central1-app" {"metadata":{"emulator":{"name":"functions"},"function":{"name":"us-central1-app"},"extension":{},"message":"Beginning execution of \"us-central1-app\""}}
[debug] [2023-05-27T20:20:47.338Z] [worker-us-central1-app-ccd0da18-c84b-415d-8c11-f30dab995493]: BUSY {"metadata":{"emulator":{"name":"functions"},"function":{"name":"us-central1-app"},"extension":{},"message":"[worker-us-central1-app-ccd0da18-c84b-415d-8c11-f30dab995493]: BUSY"}}
[info] >  ResultSetHeader { {"user":"ResultSetHeader {","metadata":{"emulator":{"name":"functions"},"function":{"name":"us-central1-app"},"extension":{},"message":"\u001b[90m> \u001b[39m ResultSetHeader {"}}
[info] >    fieldCount: 0, {"user":"  fieldCount: 0,","metadata":{"emulator":{"name":"functions"},"function":{"name":"us-central1-app"},"extension":{},"message":"\u001b[90m> \u001b[39m   fieldCount: 0,"}}
[info] >    affectedRows: 1, {"user":"  affectedRows: 1,","metadata":{"emulator":{"name":"functions"},"function":{"name":"us-central1-app"},"extension":{},"message":"\u001b[90m> \u001b[39m   affectedRows: 1,"}}
[info] >    insertId: 0, {"user":"  insertId: 0,","metadata":{"emulator":{"name":"functions"},"function":{"name":"us-central1-app"},"extension":{},"message":"\u001b[90m> \u001b[39m   insertId: 0,"}}
[info] >    info: '(Rows matched: 1  Changed: 0  Warnings: 0', {"user":"  info: '(Rows matched: 1  Changed: 0  Warnings: 0',","metadata":{"emulator":{"name":"functions"},"function":{"name":"us-central1-app"},"extension":{},"message":"\u001b[90m> \u001b[39m   info: '(Rows matched: 1  Changed: 0  Warnings: 0',"}}
[info] >    serverStatus: 2, {"user":"  serverStatus: 2,","metadata":{"emulator":{"name":"functions"},"function":{"name":"us-central1-app"},"extension":{},"message":"\u001b[90m> \u001b[39m   serverStatus: 2,"}}
[info] >    warningStatus: 0, {"user":"  warningStatus: 0,","metadata":{"emulator":{"name":"functions"},"function":{"name":"us-central1-app"},"extension":{},"message":"\u001b[90m> \u001b[39m   warningStatus: 0,"}}
[info] >    changedRows: 0 {"user":"  changedRows: 0","metadata":{"emulator":{"name":"functions"},"function":{"name":"us-central1-app"},"extension":{},"message":"\u001b[90m> \u001b[39m   changedRows: 0"}}
[info] >  } {"user":"}","metadata":{"emulator":{"name":"functions"},"function":{"name":"us-central1-app"},"extension":{},"message":"\u001b[90m> \u001b[39m }"}}
[debug] [2023-05-27T20:20:47.557Z] Finishing up request with event=pause {"metadata":{"emulator":{"name":"functions"},"function":{"name":"us-central1-app"},"extension":{},"message":"Finishing up request with event=pause"}}
[info] i  functions: Finished "us-central1-app" in 218.4436ms {"metadata":{"emulator":{"name":"functions"},"function":{"name":"us-central1-app"},"extension":{},"message":"Finished \"us-central1-app\" in 218.4436ms"}}
[debug] [2023-05-27T20:20:47.557Z] [worker-us-central1-app-ccd0da18-c84b-415d-8c11-f30dab995493]: IDLE {"metadata":{"emulator":{"name":"functions"},"function":{"name":"us-central1-app"},"extension":{},"message":"[worker-us-central1-app-ccd0da18-c84b-415d-8c11-f30dab995493]: IDLE"}}
[debug] [2023-05-27T20:20:47.558Z] Finishing up request with event=finish {"metadata":{"emulator":{"name":"functions"},"function":{"name":"us-central1-app"},"extension":{},"message":"Finishing up request with event=finish"}}
[debug] [2023-05-27T20:20:47.558Z] Finishing up request with event=close {"metadata":{"emulator":{"name":"functions"},"function":{"name":"us-central1-app"},"extension":{},"message":"Finishing up request with event=close"}}
[debug] [2023-05-27T20:20:47.558Z] [work-queue] {"queuedWork":[],"queueLength":0,"runningWork":[],"workRunningCount":0}
[info] >  GET /users/delete?id=1 200 204.428 ms - 46 {"user":"\u001b[0mGET /users/delete?id=1 \u001b[32m200 \u001b[0m204.428 ms - 46\u001b[0m","metadata":{"emulator":{"name":"functions"},"function":{"name":"us-central1-app"},"extension":{},"message":"\u001b[90m> \u001b[39m \u001b[0mGET /users/delete?id=1 \u001b[32m200 \u001b[0m204.428 ms - 46\u001b[0m"}}
[info] +  functions: Loaded functions definitions from source: app. {"metadata":{"emulator":{"name":"functions"},"message":"Loaded functions definitions from source: app."}}
[debug] [2023-05-27T20:20:48.752Z] [worker-pool] Shutting down IDLE worker (us-central1-app) {"metadata":{"emulator":{"name":"functions"},"message":"[worker-pool] Shutting down IDLE worker (us-central1-app)"}}
[debug] [2023-05-27T20:20:48.753Z] [worker-us-central1-app-ccd0da18-c84b-415d-8c11-f30dab995493]: FINISHING {"metadata":{"emulator":{"name":"functions"},"function":{"name":"us-central1-app"},"extension":{},"message":"[worker-us-central1-app-ccd0da18-c84b-415d-8c11-f30dab995493]: FINISHING"}}
[debug] [2023-05-27T20:20:48.773Z] [worker-us-central1-app-ccd0da18-c84b-415d-8c11-f30dab995493]: exited {"metadata":{"emulator":{"name":"functions"},"function":{"name":"us-central1-app"},"extension":{},"message":"[worker-us-central1-app-ccd0da18-c84b-415d-8c11-f30dab995493]: exited"}}
[debug] [2023-05-27T20:20:48.773Z] [worker-us-central1-app-ccd0da18-c84b-415d-8c11-f30dab995493]: FINISHED {"metadata":{"emulator":{"name":"functions"},"function":{"name":"us-central1-app"},"extension":{},"message":"[worker-us-central1-app-ccd0da18-c84b-415d-8c11-f30dab995493]: FINISHED"}}
[debug] [2023-05-27T20:20:57.369Z] File D:\Venture Systems\Projects\Matrimony\functions\package.json changed, reloading triggers {"metadata":{"emulator":{"name":"functions"},"message":"File D:\\Venture Systems\\Projects\\Matrimony\\functions\\package.json changed, reloading triggers"}}
[debug] [2023-05-27T20:20:58.373Z] Validating nodejs source
[debug] [2023-05-27T20:20:59.774Z] > [functions] package.json contents: {
  "name": "functions",
  "description": "Cloud Functions for Firebase",
  "scripts": {
    "serve": "firebase emulators:start --only functions",
    "shell": "firebase functions:shell",
    "start": "npm run shell",
    "deploy": "firebase deploy --only functions",
    "logs": "firebase functions:log"
  },
  "engines": {
    "node": "18"
  },
  "main": "index.js",
  "dependencies": {
    "firebase-admin": "^11.8.0",
    "firebase-functions": "^4.3.1"
  },
  "devDependencies": {
    "firebase-functions-test": "^3.1.0"
  },
  "private": true
}
[debug] [2023-05-27T20:20:59.774Z] Building nodejs source
[debug] [2023-05-27T20:20:59.774Z] Failed to find version of module node: reached end of search path D:\Venture Systems\Projects\Matrimony\functions\node_modules
[warn] !  functions: Your requested "node" version "18" doesn't match your global version "16". Using node@16 from host. 
[debug] [2023-05-27T20:20:59.775Z] Could not find functions.yaml. Must use http discovery
[debug] [2023-05-27T20:20:59.783Z] Found firebase-functions binary at 'D:\Venture Systems\Projects\Matrimony\functions\node_modules\.bin\firebase-functions'
[debug] [2023-05-27T20:21:00.022Z] Serving at port 8952

[debug] [2023-05-27T20:21:00.494Z] Got response from /__/functions.yaml {"endpoints":{"app":{"platform":"gcfv1","availableMemoryMb":null,"timeoutSeconds":null,"minInstances":null,"maxInstances":null,"ingressSettings":null,"serviceAccountEmail":null,"vpc":null,"httpsTrigger":{},"entryPoint":"app"}},"specVersion":"v1alpha1","requiredAPIs":[]}
[debug] [2023-05-27T20:21:00.498Z] shutdown requested via /__/quitquitquit

[info] +  functions: Loaded functions definitions from source: app. {"metadata":{"emulator":{"name":"functions"},"message":"Loaded functions definitions from source: app."}}
[debug] [2023-05-27T20:22:13.375Z] [work-queue] {"queuedWork":["/venture-matrimony-3c397/us-central1/app/users/delete-2023-05-27T20:22:13.375Z"],"queueLength":1,"runningWork":[],"workRunningCount":0}
[debug] [2023-05-27T20:22:13.375Z] [work-queue] {"queuedWork":[],"queueLength":0,"runningWork":["/venture-matrimony-3c397/us-central1/app/users/delete-2023-05-27T20:22:13.375Z"],"workRunningCount":1}
[debug] [2023-05-27T20:22:13.375Z] Accepted request GET /venture-matrimony-3c397/us-central1/app/users/delete?id=1 --> us-central1-app
[debug] [2023-05-27T20:22:13.378Z] [functions] Runtime ready! Sending request! {"metadata":{"emulator":{"name":"functions"},"message":"[functions] Runtime ready! Sending request!"}}
[debug] [2023-05-27T20:22:13.378Z] [functions] Got req.url=/venture-matrimony-3c397/us-central1/app/users/delete?id=1, mapping to path=/users/delete?id=1 {"metadata":{"emulator":{"name":"functions"},"message":"[functions] Got req.url=/venture-matrimony-3c397/us-central1/app/users/delete?id=1, mapping to path=/users/delete?id=1"}}
[debug] [2023-05-27T20:22:13.378Z] [worker-pool] Cleaned up workers for us-central1-app: 1 --> 0 {"metadata":{"emulator":{"name":"functions"},"message":"[worker-pool] Cleaned up workers for us-central1-app: 1 --> 0"}}
[debug] [2023-05-27T20:22:13.385Z] [worker-pool] addWorker(us-central1-app) {"metadata":{"emulator":{"name":"functions"},"message":"[worker-pool] addWorker(us-central1-app)"}}
[debug] [2023-05-27T20:22:13.385Z] [worker-pool] Adding worker with key us-central1-app, total=1 {"metadata":{"emulator":{"name":"functions"},"message":"[worker-pool] Adding worker with key us-central1-app, total=1"}}
[debug] [2023-05-27T20:22:14.624Z] [runtime-status] [23336] Resolved module firebase-admin {"declared":true,"installed":true,"version":"11.8.0","resolution":"D:\\Venture Systems\\Projects\\Matrimony\\functions\\node_modules\\firebase-admin\\lib\\index.js"} {"metadata":{"emulator":{"name":"functions"},"function":{"name":"us-central1-app"},"extension":{},"message":"[runtime-status] [23336] Resolved module firebase-admin {\"declared\":true,\"installed\":true,\"version\":\"11.8.0\",\"resolution\":\"D:\\\\Venture Systems\\\\Projects\\\\Matrimony\\\\functions\\\\node_modules\\\\firebase-admin\\\\lib\\\\index.js\"}"}}
[debug] [2023-05-27T20:22:14.626Z] [runtime-status] [23336] Resolved module firebase-functions {"declared":true,"installed":true,"version":"4.4.0","resolution":"D:\\Venture Systems\\Projects\\Matrimony\\functions\\node_modules\\firebase-functions\\lib\\v1\\index.js"} {"metadata":{"emulator":{"name":"functions"},"function":{"name":"us-central1-app"},"extension":{},"message":"[runtime-status] [23336] Resolved module firebase-functions {\"declared\":true,\"installed\":true,\"version\":\"4.4.0\",\"resolution\":\"D:\\\\Venture Systems\\\\Projects\\\\Matrimony\\\\functions\\\\node_modules\\\\firebase-functions\\\\lib\\\\v1\\\\index.js\"}"}}
[debug] [2023-05-27T20:22:14.627Z] [runtime-status] [23336] Outgoing network have been stubbed. [{"name":"http","status":"mocked"},{"name":"http","status":"mocked"},{"name":"https","status":"mocked"},{"name":"https","status":"mocked"},{"name":"net","status":"mocked"}] {"metadata":{"emulator":{"name":"functions"},"function":{"name":"us-central1-app"},"extension":{},"message":"[runtime-status] [23336] Outgoing network have been stubbed. [{\"name\":\"http\",\"status\":\"mocked\"},{\"name\":\"http\",\"status\":\"mocked\"},{\"name\":\"https\",\"status\":\"mocked\"},{\"name\":\"https\",\"status\":\"mocked\"},{\"name\":\"net\",\"status\":\"mocked\"}]"}}
[debug] [2023-05-27T20:22:14.628Z] [runtime-status] [23336] Resolved module firebase-functions {"declared":true,"installed":true,"version":"4.4.0","resolution":"D:\\Venture Systems\\Projects\\Matrimony\\functions\\node_modules\\firebase-functions\\lib\\v1\\index.js"} {"metadata":{"emulator":{"name":"functions"},"function":{"name":"us-central1-app"},"extension":{},"message":"[runtime-status] [23336] Resolved module firebase-functions {\"declared\":true,\"installed\":true,\"version\":\"4.4.0\",\"resolution\":\"D:\\\\Venture Systems\\\\Projects\\\\Matrimony\\\\functions\\\\node_modules\\\\firebase-functions\\\\lib\\\\v1\\\\index.js\"}"}}
[debug] [2023-05-27T20:22:14.863Z] [runtime-status] [23336] Checked functions.config() {"config":{}} {"metadata":{"emulator":{"name":"functions"},"function":{"name":"us-central1-app"},"extension":{},"message":"[runtime-status] [23336] Checked functions.config() {\"config\":{}}"}}
[debug] [2023-05-27T20:22:14.864Z] [runtime-status] [23336] firebase-functions has been stubbed. {"functionsResolution":{"declared":true,"installed":true,"version":"4.4.0","resolution":"D:\\Venture Systems\\Projects\\Matrimony\\functions\\node_modules\\firebase-functions\\lib\\v1\\index.js"}} {"metadata":{"emulator":{"name":"functions"},"function":{"name":"us-central1-app"},"extension":{},"message":"[runtime-status] [23336] firebase-functions has been stubbed. {\"functionsResolution\":{\"declared\":true,\"installed\":true,\"version\":\"4.4.0\",\"resolution\":\"D:\\\\Venture Systems\\\\Projects\\\\Matrimony\\\\functions\\\\node_modules\\\\firebase-functions\\\\lib\\\\v1\\\\index.js\"}}"}}
[debug] [2023-05-27T20:22:14.864Z] [runtime-status] [23336] Resolved module firebase-functions {"declared":true,"installed":true,"version":"4.4.0","resolution":"D:\\Venture Systems\\Projects\\Matrimony\\functions\\node_modules\\firebase-functions\\lib\\v1\\index.js"} {"metadata":{"emulator":{"name":"functions"},"function":{"name":"us-central1-app"},"extension":{},"message":"[runtime-status] [23336] Resolved module firebase-functions {\"declared\":true,\"installed\":true,\"version\":\"4.4.0\",\"resolution\":\"D:\\\\Venture Systems\\\\Projects\\\\Matrimony\\\\functions\\\\node_modules\\\\firebase-functions\\\\lib\\\\v1\\\\index.js\"}"}}
[debug] [2023-05-27T20:22:14.866Z] [runtime-status] [23336] Resolved module firebase-admin {"declared":true,"installed":true,"version":"11.8.0","resolution":"D:\\Venture Systems\\Projects\\Matrimony\\functions\\node_modules\\firebase-admin\\lib\\index.js"} {"metadata":{"emulator":{"name":"functions"},"function":{"name":"us-central1-app"},"extension":{},"message":"[runtime-status] [23336] Resolved module firebase-admin {\"declared\":true,\"installed\":true,\"version\":\"11.8.0\",\"resolution\":\"D:\\\\Venture Systems\\\\Projects\\\\Matrimony\\\\functions\\\\node_modules\\\\firebase-admin\\\\lib\\\\index.js\"}"}}
[debug] [2023-05-27T20:22:14.869Z] [runtime-status] [23336] Resolved module firebase-functions {"declared":true,"installed":true,"version":"4.4.0","resolution":"D:\\Venture Systems\\Projects\\Matrimony\\functions\\node_modules\\firebase-functions\\lib\\v1\\index.js"} {"metadata":{"emulator":{"name":"functions"},"function":{"name":"us-central1-app"},"extension":{},"message":"[runtime-status] [23336] Resolved module firebase-functions {\"declared\":true,\"installed\":true,\"version\":\"4.4.0\",\"resolution\":\"D:\\\\Venture Systems\\\\Projects\\\\Matrimony\\\\functions\\\\node_modules\\\\firebase-functions\\\\lib\\\\v1\\\\index.js\"}"}}
[debug] [2023-05-27T20:22:14.869Z] [runtime-status] [23336] firebase-admin has been stubbed. {"adminResolution":{"declared":true,"installed":true,"version":"11.8.0","resolution":"D:\\Venture Systems\\Projects\\Matrimony\\functions\\node_modules\\firebase-admin\\lib\\index.js"}} {"metadata":{"emulator":{"name":"functions"},"function":{"name":"us-central1-app"},"extension":{},"message":"[runtime-status] [23336] firebase-admin has been stubbed. {\"adminResolution\":{\"declared\":true,\"installed\":true,\"version\":\"11.8.0\",\"resolution\":\"D:\\\\Venture Systems\\\\Projects\\\\Matrimony\\\\functions\\\\node_modules\\\\firebase-admin\\\\lib\\\\index.js\"}}"}}
[debug] [2023-05-27T20:22:15.115Z] [runtime-status] [23336] Functions runtime initialized. {"cwd":"D:\\Venture Systems\\Projects\\Matrimony\\functions","node_version":"16.17.1"} {"metadata":{"emulator":{"name":"functions"},"function":{"name":"us-central1-app"},"extension":{},"message":"[runtime-status] [23336] Functions runtime initialized. {\"cwd\":\"D:\\\\Venture Systems\\\\Projects\\\\Matrimony\\\\functions\",\"node_version\":\"16.17.1\"}"}}
[debug] [2023-05-27T20:22:15.115Z] [runtime-status] [23336] Listening to port: \\?\pipe\fire_emu_8f71a115f4c6176f {"metadata":{"emulator":{"name":"functions"},"function":{"name":"us-central1-app"},"extension":{},"message":"[runtime-status] [23336] Listening to port: \\\\?\\pipe\\fire_emu_8f71a115f4c6176f"}}
[debug] [2023-05-27T20:22:15.148Z] [worker-us-central1-app-1ae572b8-c7a5-4dd9-816d-f9559e807cf8]: IDLE {"metadata":{"emulator":{"name":"functions"},"function":{"name":"us-central1-app"},"extension":{},"message":"[worker-us-central1-app-1ae572b8-c7a5-4dd9-816d-f9559e807cf8]: IDLE"}}
[debug] [2023-05-27T20:22:15.148Z] [worker-pool] submitRequest(triggerId=us-central1-app) {"metadata":{"emulator":{"name":"functions"},"message":"[worker-pool] submitRequest(triggerId=us-central1-app)"}}
[info] i  functions: Beginning execution of "us-central1-app" {"metadata":{"emulator":{"name":"functions"},"function":{"name":"us-central1-app"},"extension":{},"message":"Beginning execution of \"us-central1-app\""}}
[debug] [2023-05-27T20:22:15.149Z] [worker-us-central1-app-1ae572b8-c7a5-4dd9-816d-f9559e807cf8]: BUSY {"metadata":{"emulator":{"name":"functions"},"function":{"name":"us-central1-app"},"extension":{},"message":"[worker-us-central1-app-1ae572b8-c7a5-4dd9-816d-f9559e807cf8]: BUSY"}}
[info] >  ResultSetHeader { {"user":"ResultSetHeader {","metadata":{"emulator":{"name":"functions"},"function":{"name":"us-central1-app"},"extension":{},"message":"\u001b[90m> \u001b[39m ResultSetHeader {"}}
[info] >    fieldCount: 0, {"user":"  fieldCount: 0,","metadata":{"emulator":{"name":"functions"},"function":{"name":"us-central1-app"},"extension":{},"message":"\u001b[90m> \u001b[39m   fieldCount: 0,"}}
[info] >    affectedRows: 1, {"user":"  affectedRows: 1,","metadata":{"emulator":{"name":"functions"},"function":{"name":"us-central1-app"},"extension":{},"message":"\u001b[90m> \u001b[39m   affectedRows: 1,"}}
[info] >    insertId: 0, {"user":"  insertId: 0,","metadata":{"emulator":{"name":"functions"},"function":{"name":"us-central1-app"},"extension":{},"message":"\u001b[90m> \u001b[39m   insertId: 0,"}}
[info] >    info: '(Rows matched: 1  Changed: 0  Warnings: 0', {"user":"  info: '(Rows matched: 1  Changed: 0  Warnings: 0',","metadata":{"emulator":{"name":"functions"},"function":{"name":"us-central1-app"},"extension":{},"message":"\u001b[90m> \u001b[39m   info: '(Rows matched: 1  Changed: 0  Warnings: 0',"}}
[info] >    serverStatus: 2, {"user":"  serverStatus: 2,","metadata":{"emulator":{"name":"functions"},"function":{"name":"us-central1-app"},"extension":{},"message":"\u001b[90m> \u001b[39m   serverStatus: 2,"}}
[info] >    warningStatus: 0, {"user":"  warningStatus: 0,","metadata":{"emulator":{"name":"functions"},"function":{"name":"us-central1-app"},"extension":{},"message":"\u001b[90m> \u001b[39m   warningStatus: 0,"}}
[info] >    changedRows: 0 {"user":"  changedRows: 0","metadata":{"emulator":{"name":"functions"},"function":{"name":"us-central1-app"},"extension":{},"message":"\u001b[90m> \u001b[39m   changedRows: 0"}}
[info] >  } {"user":"}","metadata":{"emulator":{"name":"functions"},"function":{"name":"us-central1-app"},"extension":{},"message":"\u001b[90m> \u001b[39m }"}}
[debug] [2023-05-27T20:22:15.742Z] Finishing up request with event=pause {"metadata":{"emulator":{"name":"functions"},"function":{"name":"us-central1-app"},"extension":{},"message":"Finishing up request with event=pause"}}
[info] i  functions: Finished "us-central1-app" in 592.83ms {"metadata":{"emulator":{"name":"functions"},"function":{"name":"us-central1-app"},"extension":{},"message":"Finished \"us-central1-app\" in 592.83ms"}}
[debug] [2023-05-27T20:22:15.743Z] [worker-us-central1-app-1ae572b8-c7a5-4dd9-816d-f9559e807cf8]: IDLE {"metadata":{"emulator":{"name":"functions"},"function":{"name":"us-central1-app"},"extension":{},"message":"[worker-us-central1-app-1ae572b8-c7a5-4dd9-816d-f9559e807cf8]: IDLE"}}
[debug] [2023-05-27T20:22:15.743Z] Finishing up request with event=finish {"metadata":{"emulator":{"name":"functions"},"function":{"name":"us-central1-app"},"extension":{},"message":"Finishing up request with event=finish"}}
[debug] [2023-05-27T20:22:15.744Z] Finishing up request with event=close {"metadata":{"emulator":{"name":"functions"},"function":{"name":"us-central1-app"},"extension":{},"message":"Finishing up request with event=close"}}
[debug] [2023-05-27T20:22:15.744Z] [work-queue] {"queuedWork":[],"queueLength":0,"runningWork":[],"workRunningCount":0}
[info] >  GET /users/delete?id=1 200 581.832 ms - 46 {"user":"\u001b[0mGET /users/delete?id=1 \u001b[32m200 \u001b[0m581.832 ms - 46\u001b[0m","metadata":{"emulator":{"name":"functions"},"function":{"name":"us-central1-app"},"extension":{},"message":"\u001b[90m> \u001b[39m \u001b[0mGET /users/delete?id=1 \u001b[32m200 \u001b[0m581.832 ms - 46\u001b[0m"}}
